========================================================================= 
Log Path: ./output/log/clean_data_log_2024-02-26.log 
Program Path: /Users/federicapersiani/Desktop/ALOA/clean_data.R 
Working Directory: /Users/federicapersiani/Desktop/ALOA 
User Name: federicapersiani 
R Version: 4.3.1 (2023-06-16) 
Machine: imacdibioinfo04.fd.rm.unicatt.it arm64 
Operating System: Darwin 22.2.0 Darwin Kernel Version 22.2.0: Fri Nov 11 02:04:44 PST 2022; root:xnu-8792.61.2~4/RELEASE_ARM64_T8103 
Base Packages: tools stats graphics grDevices utils datasets methods base Other Packages: logr_1.3.5 phenoptrReports_0.3.3 readxl_1.4.3 lubridate_1.9.3 forcats_1.0.0 stringr_1.5.1 dplyr_1.1.4 purrr_1.0.2 readr_2.1.4 tidyr_1.3.0 tibble_3.2.1 tidyverse_2.0.0 rjson_0.2.21 ggplot2_3.4.4 tiff_0.1-12 phenoptr_0.3.2 
Log Start Time: 2024-02-26 14:48:21.263155 
========================================================================= 

2024-02-26 14:48:21 INFO: Start cleaning process: This step will remove cell negative to all phenotype(s) 

2024-02-26 14:48:21 INFO: Loading configuration file... 

2024-02-26 14:48:21 INFO: Clean merged file will be stored in ./output/Merged_clean 

2024-02-26 14:48:21 INFO: ############################# 

2024-02-26 14:48:21 INFO: Group: G1 

2024-02-26 14:48:21 INFO: ############################# 

2024-02-26 14:48:21 INFO: -> Subject: 001 

2024-02-26 14:48:21 INFO: All empty/all other Row removed: 308 of 441 

2024-02-26 14:48:21 INFO: Writing Merge_cell_seg_data_clean_001.txt file... 

2024-02-26 14:48:21 INFO: ############################# 

2024-02-26 14:48:21 INFO: Group: G2 

2024-02-26 14:48:21 INFO: ############################# 

2024-02-26 14:48:21 INFO: -> Subject: 002 

2024-02-26 14:48:21 INFO: All empty/all other Row removed: 488 of 699 

2024-02-26 14:48:21 INFO: Writing Merge_cell_seg_data_clean_002.txt file... 

2024-02-26 14:48:21 INFO: -> Subject: 003 

2024-02-26 14:48:21 INFO: All empty/all other Row removed: 315 of 489 

2024-02-26 14:48:21 INFO: Writing Merge_cell_seg_data_clean_003.txt file... 

2024-02-26 14:48:21 INFO: ############################# 

2024-02-26 14:48:21 INFO: Group: G3 

2024-02-26 14:48:21 INFO: ############################# 

2024-02-26 14:48:21 INFO: -> Subject: 004 

2024-02-26 14:48:21 INFO: All empty/all other Row removed: 137 of 421 

2024-02-26 14:48:21 INFO: Writing Merge_cell_seg_data_clean_004.txt file... 

