========================================================================= 
Log Path: ./output/log/clean_data_2024-03-25_08-54-52.log 
Working Directory: /Users/federicapersiani/Desktop/ALOA 
User Name: federicapersiani 
R Version: 4.3.1 (2023-06-16) 
Machine: imacdibioinfo04.fd.rm.unicatt.it arm64 
Operating System: Darwin 22.2.0 Darwin Kernel Version 22.2.0: Fri Nov 11 02:04:44 PST 2022; root:xnu-8792.61.2~4/RELEASE_ARM64_T8103 
Base Packages: tools stats graphics grDevices utils datasets methods base Other Packages: fs_1.6.3 logr_1.3.5 phenoptrReports_0.3.3 readxl_1.4.3 lubridate_1.9.3 forcats_1.0.0 stringr_1.5.1 dplyr_1.1.4 purrr_1.0.2 readr_2.1.4 tidyr_1.3.0 tibble_3.2.1 tidyverse_2.0.0 rjson_0.2.21 ggplot2_3.5.0 tiff_0.1-12 phenoptr_0.3.2 
Log Start Time: 2024-03-25 08:54:52.573833 
========================================================================= 

2024-03-25 08:54:52 INFO: Start cleaning process: This step will remove cell negative to all phenotype(s) 

2024-03-25 08:54:52 INFO: Loading configuration file... 

2024-03-25 08:54:52 INFO: Clean merged file will be stored in ./output/Merged_clean 

2024-03-25 08:54:52 INFO: Group: Stroma 

2024-03-25 08:54:52 INFO: Subject: Set12_20-6plex_S 

2024-03-25 08:54:52 INFO: All empty/only other Row removed: 6525 of 8357 

2024-03-25 08:54:52 INFO: Writing Merge_cell_seg_data_clean_Set12_20-6plex_S.txt file... 

2024-03-25 08:54:53 INFO: Subject: Set4_1-6plex_S 

2024-03-25 08:54:53 INFO: All empty/only other Row removed: 9996 of 12777 

2024-03-25 08:54:53 INFO: Writing Merge_cell_seg_data_clean_Set4_1-6plex_S.txt file... 

2024-03-25 08:54:54 INFO: Subject: Set8_11-6plex_S 

2024-03-25 08:54:54 INFO: All empty/only other Row removed: 9398 of 12035 

2024-03-25 08:54:54 INFO: Writing Merge_cell_seg_data_clean_Set8_11-6plex_S.txt file... 

2024-03-25 08:54:54 INFO: Group: Tumor 

2024-03-25 08:54:54 INFO: Subject: Set12_20-6plex_T 

2024-03-25 08:54:55 INFO: All empty/only other Row removed: 426 of 8958 

2024-03-25 08:54:55 INFO: Writing Merge_cell_seg_data_clean_Set12_20-6plex_T.txt file... 

2024-03-25 08:54:55 INFO: Subject: Set4_1-6plex_T 

2024-03-25 08:54:56 INFO: All empty/only other Row removed: 576 of 6334 

2024-03-25 08:54:56 INFO: Writing Merge_cell_seg_data_clean_Set4_1-6plex_T.txt file... 

2024-03-25 08:54:56 INFO: Subject: Set8_11-6plex_T 

2024-03-25 08:54:56 INFO: All empty/only other Row removed: 434 of 6064 

2024-03-25 08:54:56 INFO: Writing Merge_cell_seg_data_clean_Set8_11-6plex_T.txt file... 

2024-03-25 08:54:57 INFO: End cleaning merge step! 

