========================================================================= 
Log Path: ./output/log/distance_2024-03-25_08-55-01.log 
Working Directory: /Users/federicapersiani/Desktop/ALOA 
User Name: federicapersiani 
R Version: 4.3.1 (2023-06-16) 
Machine: imacdibioinfo04.fd.rm.unicatt.it arm64 
Operating System: Darwin 22.2.0 Darwin Kernel Version 22.2.0: Fri Nov 11 02:04:44 PST 2022; root:xnu-8792.61.2~4/RELEASE_ARM64_T8103 
Base Packages: tools stats graphics grDevices utils datasets methods base Other Packages: data.table_1.15.0 colorRamp2_0.1.0 htmlwidgets_1.6.4 plotly_4.10.4 fs_1.6.3 logr_1.3.5 phenoptrReports_0.3.3 readxl_1.4.3 lubridate_1.9.3 forcats_1.0.0 stringr_1.5.1 dplyr_1.1.4 purrr_1.0.2 readr_2.1.4 tidyr_1.3.0 tibble_3.2.1 tidyverse_2.0.0 rjson_0.2.21 ggplot2_3.5.0 tiff_0.1-12 phenoptr_0.3.2 
Log Start Time: 2024-03-25 08:55:01.729378 
========================================================================= 

2024-03-25 08:55:01 INFO: Start distance evaluation: This step will will evaluate distances between couples of phenotypes positive cells 

2024-03-25 08:55:01 INFO: Loading configuration file... 

2024-03-25 08:55:01 INFO: Distances output file will be stored in ./output/Distance 

2024-03-25 08:55:01 INFO: Checking Group: Stroma 

2024-03-25 08:55:01 INFO: Checking ./output/Merged_clean/Stroma/Merge_cell_seg_data_clean_Set12_20-6plex_S.txt 

2024-03-25 08:55:01 INFO: Evaluating distances... 

2024-03-25 08:55:02 INFO: Checking ./output/Merged_clean/Stroma/Merge_cell_seg_data_clean_Set4_1-6plex_S.txt 

2024-03-25 08:55:02 INFO: Evaluating distances... 

2024-03-25 08:55:02 INFO: Checking ./output/Merged_clean/Stroma/Merge_cell_seg_data_clean_Set8_11-6plex_S.txt 

2024-03-25 08:55:03 INFO: Evaluating distances... 

2024-03-25 08:55:03 INFO: Checking Group: Tumor 

2024-03-25 08:55:03 INFO: Checking ./output/Merged_clean/Tumor/Merge_cell_seg_data_clean_Set12_20-6plex_T.txt 

2024-03-25 08:55:03 INFO: Evaluating distances... 

2024-03-25 08:55:04 INFO: Checking ./output/Merged_clean/Tumor/Merge_cell_seg_data_clean_Set4_1-6plex_T.txt 

2024-03-25 08:55:04 INFO: Evaluating distances... 

2024-03-25 08:55:05 INFO: Checking ./output/Merged_clean/Tumor/Merge_cell_seg_data_clean_Set8_11-6plex_T.txt 

2024-03-25 08:55:05 INFO: Evaluating distances... 

2024-03-25 08:55:06 INFO: End distance evaluation! 

