========================================================================= 
Log Path: ./output/log/Merge_2024-03-25_08-54-43.log 
Working Directory: /Users/federicapersiani/Desktop/ALOA 
User Name: federicapersiani 
R Version: 4.3.1 (2023-06-16) 
Machine: imacdibioinfo04.fd.rm.unicatt.it arm64 
Operating System: Darwin 22.2.0 Darwin Kernel Version 22.2.0: Fri Nov 11 02:04:44 PST 2022; root:xnu-8792.61.2~4/RELEASE_ARM64_T8103 
Base Packages: tools stats graphics grDevices utils datasets methods base Other Packages: logr_1.3.5 phenoptrReports_0.3.3 readxl_1.4.3 lubridate_1.9.3 forcats_1.0.0 stringr_1.5.1 dplyr_1.1.4 purrr_1.0.2 readr_2.1.4 tidyr_1.3.0 tibble_3.2.1 tidyverse_2.0.0 rjson_0.2.21 ggplot2_3.5.0 tiff_0.1-12 phenoptr_0.3.2 
Log Start Time: 2024-03-25 08:54:44.089754 
========================================================================= 

2024-03-25 08:54:44 INFO: Start merging process: This step will merge together the cell_seg_data files for each subject 

2024-03-25 08:54:44 INFO: Loading configuration file... 

2024-03-25 08:54:44 INFO: Merged file will be stored in ./output/Merged 

2024-03-25 08:54:44 INFO: Find 6 subjects! 

2024-03-25 08:54:44 INFO: Start Merging process... 

2024-03-25 08:54:44 INFO: Analyzing Subject Set4_1-6plex_S - Group: Stroma 

2024-03-25 08:54:44 INFO: Check for already existing Merge_cell_seg_data.txt 

2024-03-25 08:54:44 INFO: Removing old Merge_cell_seg_data.txt 

2024-03-25 08:54:46 INFO: File ./output/Merged/Stroma/Merge_cell_seg_data_Set4_1-6plex_S.txt saved correctly! 

2024-03-25 08:54:46 INFO: Analyzing Subject Set4_1-6plex_T - Group: Tumor 

2024-03-25 08:54:46 INFO: Check for already existing Merge_cell_seg_data.txt 

2024-03-25 08:54:46 INFO: Removing old Merge_cell_seg_data.txt 

2024-03-25 08:54:47 INFO: File ./output/Merged/Tumor/Merge_cell_seg_data_Set4_1-6plex_T.txt saved correctly! 

2024-03-25 08:54:47 INFO: Analyzing Subject Set8_11-6plex_S - Group: Stroma 

2024-03-25 08:54:47 INFO: Check for already existing Merge_cell_seg_data.txt 

2024-03-25 08:54:47 INFO: Removing old Merge_cell_seg_data.txt 

2024-03-25 08:54:48 INFO: File ./output/Merged/Stroma/Merge_cell_seg_data_Set8_11-6plex_S.txt saved correctly! 

2024-03-25 08:54:48 INFO: Analyzing Subject Set8_11-6plex_T - Group: Tumor 

2024-03-25 08:54:48 INFO: Check for already existing Merge_cell_seg_data.txt 

2024-03-25 08:54:48 INFO: Removing old Merge_cell_seg_data.txt 

2024-03-25 08:54:49 INFO: File ./output/Merged/Tumor/Merge_cell_seg_data_Set8_11-6plex_T.txt saved correctly! 

2024-03-25 08:54:49 INFO: Analyzing Subject Set12_20-6plex_S - Group: Stroma 

2024-03-25 08:54:49 INFO: Check for already existing Merge_cell_seg_data.txt 

2024-03-25 08:54:49 INFO: Removing old Merge_cell_seg_data.txt 

2024-03-25 08:54:51 INFO: File ./output/Merged/Stroma/Merge_cell_seg_data_Set12_20-6plex_S.txt saved correctly! 

2024-03-25 08:54:51 INFO: Analyzing Subject Set12_20-6plex_T - Group: Tumor 

2024-03-25 08:54:51 INFO: Check for already existing Merge_cell_seg_data.txt 

2024-03-25 08:54:51 INFO: Removing old Merge_cell_seg_data.txt 

2024-03-25 08:54:52 INFO: File ./output/Merged/Tumor/Merge_cell_seg_data_Set12_20-6plex_T.txt saved correctly! 

2024-03-25 08:54:52 INFO: End merge step! 

